<?xml version="1.0" encoding="UTF-8"?>
<!-- Generated by org.testng.reporters.JUnitReportReporter -->
<testsuite hostname="Muammer-MacBook-Pro.local" failures="0" tests="2" name="com.app.runners.CukesRunner" time="72.584" errors="0" timestamp="25 Mar 2018 19:38:57 GMT" skipped="0">
  <testcase classname="com.app.runners.CukesRunner" name="runScenario" time="40.551"/>
  <testcase classname="com.app.runners.CukesRunner" name="runScenario" time="32.033"/>
</testsuite> <!-- com.app.runners.CukesRunner -->
